<?xml version="1.0" encoding="UTF-8"?>
<!-- Generated by org.testng.reporters.JUnitXMLReporter -->
<testsuite hostname="Mahesh-PC" ignored="0" name="Test" tests="37" failures="1" timestamp="2020-01-25T17:33:36 IST" time="795.485" errors="0">
  <testcase name="@BeforeMethod setup" time="54.334" classname="com.qa.google.testcases.gmailInboxPageTest">
    <failure type="org.openqa.selenium.TimeoutException" message="timeout
  (Session info: chrome=77.0.3865.75)
Build info: version: &amp;apos;3.141.59&amp;apos;, revision: &amp;apos;e82be7d358&amp;apos;, time: &amp;apos;2018-11-14T08:17:03&amp;apos;
System info: host: &amp;apos;MAHESH-PC&amp;apos;, ip: &amp;apos;192.168.200.1&amp;apos;, os.name: &amp;apos;Windows 7&amp;apos;, os.arch: &amp;apos;amd64&amp;apos;, os.version: &amp;apos;6.1&amp;apos;, java.version: &amp;apos;1.8.0_201&amp;apos;
Driver info: org.openqa.selenium.chrome.ChromeDriver
Capabilities {acceptInsecureCerts: false, browserName: chrome, browserVersion: 77.0.3865.75, chrome: {chromedriverVersion: 77.0.3865.40 (f484704e052e0..., userDataDir: C:\Users\Mahesh\AppData\Loc...}, goog:chromeOptions: {debuggerAddress: localhost:51682}, javascriptEnabled: true, networkConnectionEnabled: false, pageLoadStrategy: normal, platform: XP, platformName: XP, proxy: Proxy(), setWindowRect: true, strictFileInteractability: false, timeouts: {implicit: 0, pageLoad: 300000, script: 30000}, unhandledPromptBehavior: dismiss and notify}
Session ID: fd57d6e0e846a59238e9498503814590
*** Element info: {Using=xpath, value=//a[@title=&amp;apos;Gmail&amp;apos;]/img}">
      <![CDATA[org.openqa.selenium.TimeoutException: timeout
  (Session info: chrome=77.0.3865.75)
Build info: version: '3.141.59', revision: 'e82be7d358', time: '2018-11-14T08:17:03'
System info: host: 'MAHESH-PC', ip: '192.168.200.1', os.name: 'Windows 7', os.arch: 'amd64', os.version: '6.1', java.version: '1.8.0_201'
Driver info: org.openqa.selenium.chrome.ChromeDriver
Capabilities {acceptInsecureCerts: false, browserName: chrome, browserVersion: 77.0.3865.75, chrome: {chromedriverVersion: 77.0.3865.40 (f484704e052e0..., userDataDir: C:\Users\Mahesh\AppData\Loc...}, goog:chromeOptions: {debuggerAddress: localhost:51682}, javascriptEnabled: true, networkConnectionEnabled: false, pageLoadStrategy: normal, platform: XP, platformName: XP, proxy: Proxy(), setWindowRect: true, strictFileInteractability: false, timeouts: {implicit: 0, pageLoad: 300000, script: 30000}, unhandledPromptBehavior: dismiss and notify}
Session ID: fd57d6e0e846a59238e9498503814590
*** Element info: {Using=xpath, value=//a[@title='Gmail']/img}
at org.openqa.selenium.remote.http.W3CHttpResponseCodec.createException(W3CHttpResponseCodec.java:187)
at org.openqa.selenium.remote.http.W3CHttpResponseCodec.decode(W3CHttpResponseCodec.java:122)
at org.openqa.selenium.remote.http.W3CHttpResponseCodec.decode(W3CHttpResponseCodec.java:49)
at org.openqa.selenium.remote.HttpCommandExecutor.execute(HttpCommandExecutor.java:158)
at org.openqa.selenium.remote.service.DriverCommandExecutor.execute(DriverCommandExecutor.java:83)
at org.openqa.selenium.remote.RemoteWebDriver.execute(RemoteWebDriver.java:552)
at org.openqa.selenium.remote.RemoteWebDriver.findElement(RemoteWebDriver.java:323)
at org.openqa.selenium.remote.RemoteWebDriver.findElementByXPath(RemoteWebDriver.java:428)
at org.openqa.selenium.By$ByXPath.findElement(By.java:353)
at org.openqa.selenium.remote.RemoteWebDriver.findElement(RemoteWebDriver.java:315)
at org.openqa.selenium.support.events.EventFiringWebDriver.lambda$new$1(EventFiringWebDriver.java:105)
at com.sun.proxy.$Proxy7.findElement(Unknown Source)
at org.openqa.selenium.support.events.EventFiringWebDriver.findElement(EventFiringWebDriver.java:194)
at org.openqa.selenium.support.pagefactory.DefaultElementLocator.findElement(DefaultElementLocator.java:69)
at org.openqa.selenium.support.pagefactory.internal.LocatingElementHandler.invoke(LocatingElementHandler.java:38)
at com.sun.proxy.$Proxy11.isDisplayed(Unknown Source)
at com.qa.google.pages.googleGmailMenuPage.signIntoGmail(googleGmailMenuPage.java:60)
at com.qa.google.testcases.gmailInboxPageTest.setup(gmailInboxPageTest.java:37)
at java.util.ArrayList.forEach(Unknown Source)
... Removed 38 stack frames]]>
    </failure>
  </testcase> <!-- @BeforeMethod setup -->
  <testcase name="@AfterMethod tearDown" time="-1.579953816699E9" classname="com.qa.google.testcases.gmailInboxPageTest">
    <skipped/>
  </testcase> <!-- @AfterMethod tearDown -->
  <testcase name="@BeforeMethod setup" time="-1.5799538167E9" classname="com.qa.google.testcases.gmailInboxPageTest">
    <skipped/>
  </testcase> <!-- @BeforeMethod setup -->
  <testcase name="@AfterMethod tearDown" time="-1.57995381671E9" classname="com.qa.google.testcases.gmailInboxPageTest">
    <skipped/>
  </testcase> <!-- @AfterMethod tearDown -->
  <testcase name="@BeforeMethod setup" time="-1.579953816711E9" classname="com.qa.google.testcases.gmailInboxPageTest">
    <skipped/>
  </testcase> <!-- @BeforeMethod setup -->
  <testcase name="@AfterMethod tearDown" time="-1.579953816729E9" classname="com.qa.google.testcases.gmailInboxPageTest">
    <skipped/>
  </testcase> <!-- @AfterMethod tearDown -->
  <testcase name="@BeforeMethod setup" time="-1.57995381673E9" classname="com.qa.google.testcases.gmailInboxPageTest">
    <skipped/>
  </testcase> <!-- @BeforeMethod setup -->
  <testcase name="@AfterMethod tearDown" time="-1.579953816736E9" classname="com.qa.google.testcases.gmailInboxPageTest">
    <skipped/>
  </testcase> <!-- @AfterMethod tearDown -->
  <testcase name="@BeforeMethod setup" time="-1.579953816739E9" classname="com.qa.google.testcases.gmailInboxPageTest">
    <skipped/>
  </testcase> <!-- @BeforeMethod setup -->
  <testcase name="@AfterMethod tearDown" time="-1.579953816754E9" classname="com.qa.google.testcases.gmailInboxPageTest">
    <skipped/>
  </testcase> <!-- @AfterMethod tearDown -->
  <testcase name="@BeforeMethod setup" time="-1.579953816755E9" classname="com.qa.google.testcases.gmailInboxPageTest">
    <skipped/>
  </testcase> <!-- @BeforeMethod setup -->
  <testcase name="@AfterMethod tearDown" time="-1.579953816757E9" classname="com.qa.google.testcases.gmailInboxPageTest">
    <skipped/>
  </testcase> <!-- @AfterMethod tearDown -->
  <testcase name="homePageTest" time="0.305" classname="com.qa.google.testcases.GoogleSearchPageTest"/>
  <testcase name="checkLanguage" time="2.622" classname="com.qa.google.testcases.GoogleSearchPageTest"/>
  <testcase name="serachOpeartion" time="6.286" classname="com.qa.google.testcases.GoogleSearchPageTest"/>
  <testcase name="GridBtnTest" time="0.713" classname="com.qa.google.testcases.gridMenuPageTest"/>
  <testcase name="verifyTitleTest" time="0.015" classname="com.qa.google.testcases.accountMenuPageTest"/>
  <testcase name="verifygoogleAccountTest" time="0.067" classname="com.qa.google.testcases.accountMenuPageTest"/>
  <testcase name="verifyaccountLogin" time="12.94" classname="com.qa.google.testcases.accountMenuPageTest"/>
  <testcase name="verifyTitleTest" time="0.007" classname="com.qa.google.testcases.googleSearchMenuTest"/>
  <testcase name="checkGooglePage" time="0.171" classname="com.qa.google.testcases.googleSearchMenuTest"/>
  <testcase name="signInSerchPageTest" time="15.352" classname="com.qa.google.testcases.googleSearchMenuTest"/>
  <testcase name="verifyTitleTest" time="0.02" classname="com.qa.google.testcases.mapMenuPageTest"/>
  <testcase name="checkGooglePage" time="0.066" classname="com.qa.google.testcases.mapMenuPageTest"/>
  <testcase name="checkoginTest" time="27.34" classname="com.qa.google.testcases.mapMenuPageTest"/>
  <testcase name="verifyTitleTest" time="0.033" classname="com.qa.google.testcases.youtubePageTest"/>
  <testcase name="checkYoutubePage" time="0.232" classname="com.qa.google.testcases.youtubePageTest"/>
  <testcase name="checkYouTubeloginTest" time="22.469" classname="com.qa.google.testcases.youtubePageTest"/>
  <testcase name="verifyTitleTest" time="0.016" classname="com.qa.google.testcases.playMenuPageTest"/>
  <testcase name="checkYoutubePage" time="0.109" classname="com.qa.google.testcases.playMenuPageTest"/>
  <testcase name="checkYouTubeloginTest" time="13.365" classname="com.qa.google.testcases.playMenuPageTest"/>
  <testcase name="verifyTitleTest" time="0.01" classname="com.qa.google.testcases.newsMenuPageTest"/>
  <testcase name="checkYoutubePage" time="0.101" classname="com.qa.google.testcases.newsMenuPageTest"/>
  <testcase name="checkplayloginTest" time="15.314" classname="com.qa.google.testcases.newsMenuPageTest"/>
  <testcase name="verifyTitleTest" time="0.011" classname="com.qa.google.testcases.GmailMenuPageTest"/>
  <testcase name="checkGmailPage" time="0.044" classname="com.qa.google.testcases.GmailMenuPageTest"/>
  <testcase name="checkpgmialloginTest" time="40.655" classname="com.qa.google.testcases.GmailMenuPageTest"/>
  <testcase name="checkProductOfGoogle" time="12.045" classname="com.qa.google.testcases.googleProductPageTest"/>
  <testcase name="countMailTest" time="0.06" classname="com.qa.google.testcases.gmailInboxPageTest"/>
  <testcase name="countStarMailTest" time="0.048" classname="com.qa.google.testcases.gmailInboxPageTest"/>
  <testcase name="countUnreadMailTest" time="0.053" classname="com.qa.google.testcases.gmailInboxPageTest"/>
  <testcase name="composebtnTest" time="0.48" classname="com.qa.google.testcases.gmailInboxPageTest"/>
  <testcase name="sentMailTest" time="16.075" classname="com.qa.google.testcases.gmailInboxPageTest">
    <failure type="org.openqa.selenium.ElementNotInteractableException" message="element not interactable
  (Session info: chrome=77.0.3865.75)
Build info: version: &amp;apos;3.141.59&amp;apos;, revision: &amp;apos;e82be7d358&amp;apos;, time: &amp;apos;2018-11-14T08:17:03&amp;apos;
System info: host: &amp;apos;MAHESH-PC&amp;apos;, ip: &amp;apos;192.168.200.1&amp;apos;, os.name: &amp;apos;Windows 7&amp;apos;, os.arch: &amp;apos;amd64&amp;apos;, os.version: &amp;apos;6.1&amp;apos;, java.version: &amp;apos;1.8.0_201&amp;apos;
Driver info: org.openqa.selenium.chrome.ChromeDriver
Capabilities {acceptInsecureCerts: false, browserName: chrome, browserVersion: 77.0.3865.75, chrome: {chromedriverVersion: 77.0.3865.40 (f484704e052e0..., userDataDir: C:\Users\Mahesh\AppData\Loc...}, goog:chromeOptions: {debuggerAddress: localhost:51612}, javascriptEnabled: true, networkConnectionEnabled: false, pageLoadStrategy: normal, platform: XP, platformName: XP, proxy: Proxy(), setWindowRect: true, strictFileInteractability: false, timeouts: {implicit: 0, pageLoad: 300000, script: 30000}, unhandledPromptBehavior: dismiss and notify}
Session ID: cc52ff839953333a1d3d54bde8bdc823">
      <![CDATA[org.openqa.selenium.ElementNotInteractableException: element not interactable
  (Session info: chrome=77.0.3865.75)
Build info: version: '3.141.59', revision: 'e82be7d358', time: '2018-11-14T08:17:03'
System info: host: 'MAHESH-PC', ip: '192.168.200.1', os.name: 'Windows 7', os.arch: 'amd64', os.version: '6.1', java.version: '1.8.0_201'
Driver info: org.openqa.selenium.chrome.ChromeDriver
Capabilities {acceptInsecureCerts: false, browserName: chrome, browserVersion: 77.0.3865.75, chrome: {chromedriverVersion: 77.0.3865.40 (f484704e052e0..., userDataDir: C:\Users\Mahesh\AppData\Loc...}, goog:chromeOptions: {debuggerAddress: localhost:51612}, javascriptEnabled: true, networkConnectionEnabled: false, pageLoadStrategy: normal, platform: XP, platformName: XP, proxy: Proxy(), setWindowRect: true, strictFileInteractability: false, timeouts: {implicit: 0, pageLoad: 300000, script: 30000}, unhandledPromptBehavior: dismiss and notify}
Session ID: cc52ff839953333a1d3d54bde8bdc823
at org.openqa.selenium.remote.http.W3CHttpResponseCodec.createException(W3CHttpResponseCodec.java:187)
at org.openqa.selenium.remote.http.W3CHttpResponseCodec.decode(W3CHttpResponseCodec.java:122)
at org.openqa.selenium.remote.http.W3CHttpResponseCodec.decode(W3CHttpResponseCodec.java:49)
at org.openqa.selenium.remote.HttpCommandExecutor.execute(HttpCommandExecutor.java:158)
at org.openqa.selenium.remote.service.DriverCommandExecutor.execute(DriverCommandExecutor.java:83)
at org.openqa.selenium.remote.RemoteWebDriver.execute(RemoteWebDriver.java:552)
at org.openqa.selenium.remote.RemoteWebElement.execute(RemoteWebElement.java:285)
at org.openqa.selenium.remote.RemoteWebElement.sendKeys(RemoteWebElement.java:106)
at org.openqa.selenium.support.events.EventFiringWebDriver$EventFiringWebElement.lambda$new$0(EventFiringWebDriver.java:404)
at com.sun.proxy.$Proxy12.sendKeys(Unknown Source)
at org.openqa.selenium.support.events.EventFiringWebDriver$EventFiringWebElement.sendKeys(EventFiringWebDriver.java:429)
at org.openqa.selenium.support.pagefactory.internal.LocatingElementHandler.invoke(LocatingElementHandler.java:51)
at com.sun.proxy.$Proxy11.sendKeys(Unknown Source)
at com.qa.google.pages.gmailInboxPage.sendMail(gmailInboxPage.java:137)
at com.qa.google.testcases.gmailInboxPageTest.sentMailTest(gmailInboxPageTest.java:69)
at java.util.ArrayList.forEach(Unknown Source)
... Removed 37 stack frames]]>
    </failure>
  </testcase> <!-- sentMailTest -->
  <testcase name="serchInMail" time="0.0" classname="com.qa.google.testcases.gmailInboxPageTest">
    <skipped/>
  </testcase> <!-- serchInMail -->
  <testcase name="countAttachmentMailTest" time="0.0" classname="com.qa.google.testcases.gmailInboxPageTest">
    <skipped/>
  </testcase> <!-- countAttachmentMailTest -->
  <testcase name="settingPageTest" time="0.0" classname="com.qa.google.testcases.gmailInboxPageTest">
    <skipped/>
  </testcase> <!-- settingPageTest -->
  <testcase name="createNewLabelTest" time="0.0" classname="com.qa.google.testcases.gmailInboxPageTest">
    <skipped/>
  </testcase> <!-- createNewLabelTest -->
  <testcase name="moveToLabel" time="0.0" classname="com.qa.google.testcases.gmailInboxPageTest">
    <skipped/>
  </testcase> <!-- moveToLabel -->
  <testcase name="signOutTest" time="0.0" classname="com.qa.google.testcases.gmailInboxPageTest">
    <skipped/>
  </testcase> <!-- signOutTest -->
</testsuite> <!-- Test -->
